{
  "RSpec": {
    "coverage": {
      "/home/vijay/Documents/workspace/action_board_test/config/environment.rb": {
        "lines": [
          null,
          1,
          null,
          null,
          1
        ]
      },
      "/home/vijay/Documents/workspace/action_board_test/config/application.rb": {
        "lines": [
          1,
          null,
          1,
          null,
          null,
          null,
          1,
          null,
          1,
          1,
          null,
          1,
          null,
          null,
          null,
          null,
          null,
          null,
          null
        ]
      },
      "/home/vijay/Documents/workspace/action_board_test/config/boot.rb": {
        "lines": [
          1,
          null,
          1,
          1
        ]
      },
      "/home/vijay/Documents/workspace/action_board_test/config/environments/test.rb": {
        "lines": [
          null,
          null,
          null,
          null,
          null,
          1,
          null,
          null,
          1,
          null,
          null,
          null,
          null,
          1,
          null,
          null,
          1,
          1,
          null,
          null,
          null,
          null,
          1,
          1,
          1,
          null,
          null,
          1,
          null,
          null,
          1,
          null,
          null,
          1,
          null,
          1,
          null,
          null,
          null,
          null,
          1,
          null,
          null,
          1,
          null,
          null,
          null,
          null
        ]
      },
      "/home/vijay/Documents/workspace/action_board_test/config/initializers/application_controller_renderer.rb": {
        "lines": [
          null,
          null,
          null,
          null,
          null,
          null,
          null,
          null
        ]
      },
      "/home/vijay/Documents/workspace/action_board_test/config/initializers/assets.rb": {
        "lines": [
          null,
          null,
          null,
          1,
          null,
          null,
          null,
          null,
          1,
          null,
          null,
          null,
          null,
          null
        ]
      },
      "/home/vijay/Documents/workspace/action_board_test/config/initializers/backtrace_silencers.rb": {
        "lines": [
          null,
          null,
          null,
          null,
          null,
          null,
          null
        ]
      },
      "/home/vijay/Documents/workspace/action_board_test/config/initializers/content_security_policy.rb": {
        "lines": [
          null,
          null,
          null,
          null,
          null,
          null,
          null,
          null,
          null,
          null,
          null,
          null,
          null,
          null,
          null,
          null,
          null,
          null,
          null,
          null,
          null,
          null,
          null,
          null,
          null,
          null,
          null,
          null,
          null,
          null
        ]
      },
      "/home/vijay/Documents/workspace/action_board_test/config/initializers/cookies_serializer.rb": {
        "lines": [
          null,
          null,
          null,
          null,
          1
        ]
      },
      "/home/vijay/Documents/workspace/action_board_test/config/initializers/filter_parameter_logging.rb": {
        "lines": [
          null,
          null,
          null,
          1
        ]
      },
      "/home/vijay/Documents/workspace/action_board_test/config/initializers/inflections.rb": {
        "lines": [
          null,
          null,
          null,
          null,
          null,
          null,
          null,
          null,
          null,
          null,
          null,
          null,
          null,
          null,
          null,
          null
        ]
      },
      "/home/vijay/Documents/workspace/action_board_test/config/initializers/mime_types.rb": {
        "lines": [
          null,
          null,
          null,
          null
        ]
      },
      "/home/vijay/Documents/workspace/action_board_test/config/initializers/wrap_parameters.rb": {
        "lines": [
          null,
          null,
          null,
          null,
          null,
          null,
          1,
          2,
          null,
          null,
          null,
          null,
          null,
          null
        ]
      },
      "/home/vijay/Documents/workspace/action_board_test/spec/factories/collection.rb": {
        "lines": [
          1,
          1,
          15,
          null,
          null
        ]
      },
      "/home/vijay/Documents/workspace/action_board_test/spec/factories/invoice.rb": {
        "lines": [
          1,
          1,
          16,
          16,
          9,
          9,
          16,
          null,
          null
        ]
      },
      "/home/vijay/Documents/workspace/action_board_test/config/routes.rb": {
        "lines": [
          1,
          null,
          1,
          1,
          1,
          null,
          1,
          1,
          null,
          1,
          1,
          null,
          null
        ]
      },
      "/home/vijay/Documents/workspace/action_board_test/app/helpers/application_helper.rb": {
        "lines": [
          1,
          null
        ]
      },
      "/home/vijay/Documents/workspace/action_board_test/app/helpers/bills_helper.rb": {
        "lines": [
          1,
          null
        ]
      },
      "/home/vijay/Documents/workspace/action_board_test/app/helpers/collection_helper.rb": {
        "lines": [
          1,
          null
        ]
      },
      "/home/vijay/Documents/workspace/action_board_test/app/helpers/invoices_helper.rb": {
        "lines": [
          1,
          null
        ]
      },
      "/home/vijay/Documents/workspace/action_board_test/app/controllers/collection_controller.rb": {
        "lines": [
          1,
          1,
          null,
          1,
          0,
          null,
          null,
          1,
          1,
          1,
          null,
          1,
          1,
          null,
          0,
          null,
          null,
          null,
          null,
          null,
          1,
          null,
          1,
          1,
          null,
          null,
          1,
          1,
          null,
          null
        ]
      },
      "/home/vijay/Documents/workspace/action_board_test/app/controllers/application_controller.rb": {
        "lines": [
          1,
          null
        ]
      },
      "/home/vijay/Documents/workspace/action_board_test/spec/controllers/invoices_controller_spec.rb": {
        "lines": [
          1,
          null,
          1,
          null,
          5,
          5,
          5,
          5,
          null,
          null,
          1,
          null,
          1,
          1,
          1,
          1,
          1,
          null,
          null,
          null,
          1,
          null,
          null,
          1,
          null,
          null,
          null,
          null,
          null,
          null,
          null,
          1,
          null,
          null,
          null,
          null,
          null,
          1,
          1,
          1,
          null,
          null,
          1,
          1,
          1,
          null,
          null,
          null,
          null,
          1,
          null,
          1,
          1,
          1,
          null,
          null,
          null,
          null
        ]
      },
      "/home/vijay/Documents/workspace/action_board_test/app/controllers/invoices_controller.rb": {
        "lines": [
          1,
          null,
          1,
          1,
          1,
          null,
          null,
          1,
          0,
          null,
          null,
          1,
          2,
          2,
          1,
          null,
          1,
          null,
          null,
          null,
          1,
          1,
          null,
          null,
          1,
          null,
          1,
          2,
          null,
          null,
          null
        ]
      },
      "/home/vijay/Documents/workspace/action_board_test/spec/helpers/bills_helper_spec.rb": {
        "lines": [
          1,
          null,
          null,
          null,
          null,
          null,
          null,
          null,
          null,
          null,
          null,
          null,
          1,
          1,
          null
        ]
      },
      "/home/vijay/Documents/workspace/action_board_test/spec/helpers/collection_helper_spec.rb": {
        "lines": [
          1,
          null,
          null,
          null,
          null,
          null,
          null,
          null,
          null,
          null,
          null,
          null,
          1,
          1,
          null
        ]
      },
      "/home/vijay/Documents/workspace/action_board_test/spec/helpers/invoices_helper_spec.rb": {
        "lines": [
          1,
          null,
          null,
          null,
          null,
          null,
          null,
          null,
          null,
          null,
          null,
          null,
          1,
          1,
          null
        ]
      },
      "/home/vijay/Documents/workspace/action_board_test/spec/models/collection_spec.rb": {
        "lines": [
          1,
          null,
          1,
          1,
          null,
          1,
          1,
          1,
          null,
          1,
          1,
          null,
          null,
          null,
          null,
          null
        ]
      },
      "/home/vijay/Documents/workspace/action_board_test/app/models/collection.rb": {
        "lines": [
          1,
          1,
          null,
          1,
          null,
          1,
          1,
          null,
          1,
          15,
          null,
          null
        ]
      },
      "/home/vijay/Documents/workspace/action_board_test/app/models/application_record.rb": {
        "lines": [
          1,
          1,
          null
        ]
      },
      "/home/vijay/Documents/workspace/action_board_test/spec/models/invoice_spec.rb": {
        "lines": [
          1,
          null,
          1,
          null,
          4,
          4,
          4,
          4,
          null,
          1,
          null,
          1,
          1,
          1,
          null,
          1,
          1,
          1,
          1,
          1,
          null,
          null,
          null,
          null,
          null,
          1,
          null,
          1,
          1,
          null,
          null,
          null,
          1,
          1,
          1,
          null,
          null,
          null
        ]
      },
      "/home/vijay/Documents/workspace/action_board_test/app/models/invoice.rb": {
        "lines": [
          1,
          null,
          1,
          null,
          1,
          null,
          1,
          1,
          1,
          1,
          1,
          null,
          1,
          2,
          null,
          null,
          null,
          1,
          2,
          null,
          null,
          null,
          1,
          0,
          null,
          null,
          1,
          16,
          null,
          null
        ]
      }
    },
    "timestamp": 1582112236
  }
}
